<?xml version="1.0" encoding="UTF-8"?>
<robot generator="Robot 3.1.1 (Python 3.7.3 on win32)" generated="20190405 14:31:19.635" rpa="false">
<suite id="s1" name="Login" source="C:\xampp\htdocs\research\test\Login.txt">
<test id="s1-t1" name="Test Robot Framework Logging">
<kw name="Log" library="BuiltIn">
<doc>Logs the given message with the given level.</doc>
<arguments>
<arg>Test Logging</arg>
</arguments>
<msg timestamp="20190405 14:31:19.834" level="INFO">Test Logging</msg>
<status status="PASS" starttime="20190405 14:31:19.834" endtime="20190405 14:31:19.835"></status>
</kw>
<kw name="Log Many" library="BuiltIn">
<doc>Logs the given messages as separate entries using the INFO level.</doc>
<arguments>
<arg>First Entry</arg>
<arg>Second Entry</arg>
</arguments>
<msg timestamp="20190405 14:31:19.835" level="INFO">First Entry</msg>
<msg timestamp="20190405 14:31:19.835" level="INFO">Second Entry</msg>
<status status="PASS" starttime="20190405 14:31:19.835" endtime="20190405 14:31:19.835"></status>
</kw>
<kw name="Log To Console" library="BuiltIn">
<doc>Logs the given message to the console.</doc>
<arguments>
<arg>Display to console while Robot is running</arg>
</arguments>
<status status="PASS" starttime="20190405 14:31:19.835" endtime="20190405 14:31:19.835"></status>
</kw>
<status status="PASS" starttime="20190405 14:31:19.834" endtime="20190405 14:31:19.835" critical="yes"></status>
</test>
<test id="s1-t2" name="Xyz">
<kw name="Create Webdriver" library="SeleniumLibrary">
<doc>Creates an instance of Selenium WebDriver.</doc>
<arguments>
<arg>Chrome</arg>
<arg>executable_path="C:\Program Files (x86)\Google\Chrome/Application/chrome.exe"/usr/bin/google-chrome</arg>
</arguments>
<msg timestamp="20190405 14:31:19.836" level="INFO">Creating an instance of the Chrome WebDriver.</msg>
<kw name="Capture Page Screenshot" library="SeleniumLibrary">
<doc>Takes screenshot of the current page and embeds it into log file.</doc>
<msg timestamp="20190405 14:31:19.838" level="INFO">Cannot capture screenshot because no browser is open.</msg>
<status status="PASS" starttime="20190405 14:31:19.838" endtime="20190405 14:31:19.838"></status>
</kw>
<msg timestamp="20190405 14:31:19.854" level="FAIL">WebDriverException: Message: 'google-chrome' executable may have wrong permissions. Please see https://sites.google.com/a/chromium.org/chromedriver/home
</msg>
<status status="FAIL" starttime="20190405 14:31:19.836" endtime="20190405 14:31:19.854"></status>
</kw>
<status status="FAIL" starttime="20190405 14:31:19.836" endtime="20190405 14:31:19.854" critical="yes">WebDriverException: Message: 'google-chrome' executable may have wrong permissions. Please see https://sites.google.com/a/chromium.org/chromedriver/home
</status>
</test>
<status status="FAIL" starttime="20190405 14:31:19.638" endtime="20190405 14:31:19.855"></status>
</suite>
<statistics>
<total>
<stat pass="1" fail="1">Critical Tests</stat>
<stat pass="1" fail="1">All Tests</stat>
</total>
<tag>
</tag>
<suite>
<stat pass="1" fail="1" id="s1" name="Login">Login</stat>
</suite>
</statistics>
<errors>
<msg timestamp="20190405 14:31:19.632" level="WARN">Automatically parsing other than '*.robot' files is deprecated. Convert 'C:\xampp\htdocs\research\test\Login.txt' to '*.robot' format or use '--extension' to explicitly configure which files to parse.</msg>
</errors>
</robot>
